# JRE version: 7.0_05-b06
# Java VM: Java HotSpot(TM) 64-Bit Server VM (23.1-b03 mixed mode windows-amd64 compressed oops)
Heap
 PSYoungGen      total 18560K, used 9299K [0x00000000eb400000, 0x00000000ec8b0000, 0x0000000000000000)
  eden space 15936K, 54% used [0x00000000eb400000,0x00000000ebc68d30,0x00000000ec390000)
  from space 2624K, 26% used [0x00000000ec390000,0x00000000ec43c010,0x00000000ec620000)
  to   space 2624K, 0% used [0x00000000ec620000,0x00000000ec620000,0x00000000ec8b0000)
 ParOldGen       total 42496K, used 8K [0x00000000c1c00000, 0x00000000c4580000, 0x00000000eb400000)
  object space 42496K, 0% used [0x00000000c1c00000,0x00000000c1c02000,0x00000000c4580000)
 PSPermGen       total 21248K, used 5549K [0x00000000bca00000, 0x00000000bdec0000, 0x00000000c1c00000)
  object space 21248K, 26% used [0x00000000bca00000,0x00000000bcf6b568,0x00000000bdec0000)
GC Heap History (6 events):
Event: 1.944 GC heap before
{Heap before GC invocations=1 (full 0):
 PSYoungGen      total 18560K, used 15936K [0x00000000eb400000, 0x00000000ec8b0000, 0x0000000000000000)
  eden space 15936K, 100% used [0x00000000eb400000,0x00000000ec390000,0x00000000ec390000)
  from space 2624K, 0% used [0x00000000ec620000,0x00000000ec620000,0x00000000ec8b0000)
  to   space 2624K, 0% used [0x00000000ec390000,0x00000000ec390000,0x00000000ec620000)
 ParOldGen       total 42496K, used 0K [0x00000000c1c00000, 0x00000000c4580000, 0x00000000eb400000)
  object space 42496K, 0% used [0x00000000c1c00000,0x00000000c1c00000,0x00000000c4580000)
 PSPermGen       total 21248K, used 5421K [0x00000000bca00000, 0x00000000bdec0000, 0x00000000c1c00000)
  object space 21248K, 25% used [0x00000000bca00000,0x00000000bcf4b6b8,0x00000000bdec0000)
Event: 1.947 GC heap after
Heap after GC invocations=1 (full 0):
 PSYoungGen      total 18560K, used 768K [0x00000000eb400000, 0x00000000ec8b0000, 0x0000000000000000)
  eden space 15936K, 0% used [0x00000000eb400000,0x00000000eb400000,0x00000000ec390000)
  from space 2624K, 29% used [0x00000000ec390000,0x00000000ec450020,0x00000000ec620000)
  to   space 2624K, 0% used [0x00000000ec620000,0x00000000ec620000,0x00000000ec8b0000)
 ParOldGen       total 42496K, used 8K [0x00000000c1c00000, 0x00000000c4580000, 0x00000000eb400000)
  object space 42496K, 0% used [0x00000000c1c00000,0x00000000c1c02000,0x00000000c4580000)
 PSPermGen       total 21248K, used 5421K [0x00000000bca00000, 0x00000000bdec0000, 0x00000000c1c00000)
  object space 21248K, 25% used [0x00000000bca00000,0x00000000bcf4b6b8,0x00000000bdec0000)
}
Event: 5.031 GC heap before
{Heap before GC invocations=2 (full 0):
 PSYoungGen      total 18560K, used 16704K [0x00000000eb400000, 0x00000000ec8b0000, 0x0000000000000000)
  eden space 15936K, 100% used [0x00000000eb400000,0x00000000ec390000,0x00000000ec390000)
  from space 2624K, 29% used [0x00000000ec390000,0x00000000ec450020,0x00000000ec620000)
  to   space 2624K, 0% used [0x00000000ec620000,0x00000000ec620000,0x00000000ec8b0000)
 ParOldGen       total 42496K, used 8K [0x00000000c1c00000, 0x00000000c4580000, 0x00000000eb400000)
  object space 42496K, 0% used [0x00000000c1c00000,0x00000000c1c02000,0x00000000c4580000)
 PSPermGen       total 21248K, used 5549K [0x00000000bca00000, 0x00000000bdec0000, 0x00000000c1c00000)
  object space 21248K, 26% used [0x00000000bca00000,0x00000000bcf6b568,0x00000000bdec0000)
Event: 5.033 GC heap after
Heap after GC invocations=2 (full 0):
 PSYoungGen      total 18560K, used 784K [0x00000000eb400000, 0x00000000ec8b0000, 0x0000000000000000)
  eden space 15936K, 0% used [0x00000000eb400000,0x00000000eb400000,0x00000000ec390000)
  from space 2624K, 29% used [0x00000000ec620000,0x00000000ec6e4010,0x00000000ec8b0000)
  to   space 2624K, 0% used [0x00000000ec390000,0x00000000ec390000,0x00000000ec620000)
 ParOldGen       total 42496K, used 8K [0x00000000c1c00000, 0x00000000c4580000, 0x00000000eb400000)
  object space 42496K, 0% used [0x00000000c1c00000,0x00000000c1c02000,0x00000000c4580000)
 PSPermGen       total 21248K, used 5549K [0x00000000bca00000, 0x00000000bdec0000, 0x00000000c1c00000)
  object space 21248K, 26% used [0x00000000bca00000,0x00000000bcf6b568,0x00000000bdec0000)
}
Event: 7.172 GC heap before
{Heap before GC invocations=3 (full 0):
 PSYoungGen      total 18560K, used 16720K [0x00000000eb400000, 0x00000000ec8b0000, 0x0000000000000000)
  eden space 15936K, 100% used [0x00000000eb400000,0x00000000ec390000,0x00000000ec390000)
  from space 2624K, 29% used [0x00000000ec620000,0x00000000ec6e4010,0x00000000ec8b0000)
  to   space 2624K, 0% used [0x00000000ec390000,0x00000000ec390000,0x00000000ec620000)
 ParOldGen       total 42496K, used 8K [0x00000000c1c00000, 0x00000000c4580000, 0x00000000eb400000)
  object space 42496K, 0% used [0x00000000c1c00000,0x00000000c1c02000,0x00000000c4580000)
 PSPermGen       total 21248K, used 5549K [0x00000000bca00000, 0x00000000bdec0000, 0x00000000c1c00000)
  object space 21248K, 26% used [0x00000000bca00000,0x00000000bcf6b568,0x00000000bdec0000)
Event: 7.174 GC heap after
Heap after GC invocations=3 (full 0):
 PSYoungGen      total 18560K, used 688K [0x00000000eb400000, 0x00000000ec8b0000, 0x0000000000000000)
  eden space 15936K, 0% used [0x00000000eb400000,0x00000000eb400000,0x00000000ec390000)
  from space 2624K, 26% used [0x00000000ec390000,0x00000000ec43c010,0x00000000ec620000)
  to   space 2624K, 0% used [0x00000000ec620000,0x00000000ec620000,0x00000000ec8b0000)
 ParOldGen       total 42496K, used 8K [0x00000000c1c00000, 0x00000000c4580000, 0x00000000eb400000)
  object space 42496K, 0% used [0x00000000c1c00000,0x00000000c1c02000,0x00000000c4580000)
 PSPermGen       total 21248K, used 5549K [0x00000000bca00000, 0x00000000bdec0000, 0x00000000c1c00000)
  object space 21248K, 26% used [0x00000000bca00000,0x00000000bcf6b568,0x00000000bdec0000)
}

